android/app/build/outputs/logs/manifest-merger-release-report.txt
-- Merging decision tree log ---
manifest
ADDED from AndroidManifest.xml:1:1
	package
		ADDED from AndroidManifest.xml:2:5
		INJECTED from AndroidManifest.xml:0:0
		INJECTED from AndroidManifest.xml:0:0
	android:versionName
		ADDED from AndroidManifest.xml:4:5
		INJECTED from AndroidManifest.xml:0:0
		INJECTED from AndroidManifest.xml:0:0
	android:versionCode
		ADDED from AndroidManifest.xml:3:5
		INJECTED from AndroidManifest.xml:0:0
		INJECTED from AndroidManifest.xml:0:0
	xmlns:android
		ADDED from AndroidManifest.xml:1:11
uses-permission#android.permission.INTERNET
ADDED from AndroidManifest.xml:6:5
	android:name
		ADDED from AndroidManifest.xml:6:22
uses-permission#android.permission.SYSTEM_ALERT_WINDOW
ADDED from AndroidManifest.xml:7:5
MERGED from com.facebook.react:react-native:0.41.2:11:5
MERGED from com.facebook.react:react-native:0.41.2:11:5
	android:name
		ADDED from AndroidManifest.xml:7:22
uses-permission#android.permission.ACCESS_FINE_LOCATION
ADDED from AndroidManifest.xml:8:5
	android:name
		ADDED from AndroidManifest.xml:8:22
uses-permission#android.permission.CAMERA
ADDED from AndroidManifest.xml:9:5
MERGED from LoactionApp1:react-native-camera:unspecified:11:5
	android:name
		ADDED from AndroidManifest.xml:9:22
uses-feature#android.hardware.camera
ADDED from AndroidManifest.xml:10:5
MERGED from LoactionApp1:react-native-camera:unspecified:17:5
	android:name
		ADDED from AndroidManifest.xml:10:19
uses-sdk
ADDED from AndroidManifest.xml:12:5
MERGED from com.android.support:appcompat-v7:23.0.1:20:5
MERGED from com.android.support:support-v4:23.4.0:20:5
MERGED from com.facebook.react:react-native:0.41.2:7:5
MERGED from com.android.support:appcompat-v7:23.0.1:20:5
MERGED from com.android.support:support-v4:23.4.0:20:5
MERGED from com.android.support:recyclerview-v7:23.4.0:20:5
MERGED from com.android.support:support-v4:23.4.0:20:5
MERGED from com.facebook.fbui.textlayoutbuilder:textlayoutbuilder:1.0.0:14:5
MERGED from com.facebook.fresco:fresco:0.11.0:5:5
MERGED from com.facebook.fresco:drawee:0.11.0:5:5
MERGED from com.android.support:support-v4:23.4.0:20:5
MERGED from com.facebook.fresco:fbcore:0.11.0:5:5
MERGED from com.facebook.fresco:fbcore:0.11.0:5:5
MERGED from com.facebook.fresco:imagepipeline:0.11.0:5:5
MERGED from com.android.support:support-v4:23.4.0:20:5
MERGED from com.facebook.fresco:fbcore:0.11.0:5:5
MERGED from com.facebook.fresco:imagepipeline-base:0.11.0:5:5
MERGED from com.android.support:support-v4:23.4.0:20:5
MERGED from com.facebook.fresco:fbcore:0.11.0:5:5
MERGED from com.facebook.fresco:imagepipeline-okhttp3:0.11.0:5:5
MERGED from com.facebook.fresco:fbcore:0.11.0:5:5
MERGED from com.facebook.fresco:imagepipeline:0.11.0:5:5
MERGED from com.android.support:support-v4:23.4.0:20:5
MERGED from com.facebook.fresco:fbcore:0.11.0:5:5
MERGED from com.facebook.fresco:imagepipeline-base:0.11.0:5:5
MERGED from com.android.support:support-v4:23.4.0:20:5
MERGED from com.facebook.fresco:fbcore:0.11.0:5:5
MERGED from com.facebook.soloader:soloader:0.1.0:2:3
MERGED from LoactionApp1:react-native-camera:unspecified:7:5
MERGED from com.facebook.react:react-native:0.41.2:7:5
MERGED from com.android.support:appcompat-v7:23.0.1:20:5
MERGED from com.android.support:support-v4:23.4.0:20:5
MERGED from com.android.support:recyclerview-v7:23.4.0:20:5
MERGED from com.android.support:support-v4:23.4.0:20:5
MERGED from com.facebook.fbui.textlayoutbuilder:textlayoutbuilder:1.0.0:14:5
MERGED from com.facebook.fresco:fresco:0.11.0:5:5
MERGED from com.facebook.fresco:drawee:0.11.0:5:5
MERGED from com.android.support:support-v4:23.4.0:20:5
MERGED from com.facebook.fresco:fbcore:0.11.0:5:5
MERGED from com.facebook.fresco:fbcore:0.11.0:5:5
MERGED from com.facebook.fresco:imagepipeline:0.11.0:5:5
MERGED from com.android.support:support-v4:23.4.0:20:5
MERGED from com.facebook.fresco:fbcore:0.11.0:5:5
MERGED from com.facebook.fresco:imagepipeline-base:0.11.0:5:5
MERGED from com.android.support:support-v4:23.4.0:20:5
MERGED from com.facebook.fresco:fbcore:0.11.0:5:5
MERGED from com.facebook.fresco:imagepipeline-okhttp3:0.11.0:5:5
MERGED from com.facebook.fresco:fbcore:0.11.0:5:5
MERGED from com.facebook.fresco:imagepipeline:0.11.0:5:5
MERGED from com.android.support:support-v4:23.4.0:20:5
MERGED from com.facebook.fresco:fbcore:0.11.0:5:5
MERGED from com.facebook.fresco:imagepipeline-base:0.11.0:5:5
MERGED from com.android.support:support-v4:23.4.0:20:5
MERGED from com.facebook.fresco:fbcore:0.11.0:5:5
MERGED from com.facebook.soloader:soloader:0.1.0:2:3
	android:targetSdkVersion
		ADDED from AndroidManifest.xml:14:9
		INJECTED from AndroidManifest.xml:0:0
		INJECTED from AndroidManifest.xml:0:0
	android:minSdkVersion
		ADDED from AndroidManifest.xml:13:9
		INJECTED from AndroidManifest.xml:0:0
		INJECTED from AndroidManifest.xml:0:0
application
ADDED from AndroidManifest.xml:16:5
MERGED from com.android.support:appcompat-v7:23.0.1:22:5
MERGED from com.android.support:support-v4:23.4.0:22:5
MERGED from com.facebook.react:react-native:0.41.2:13:5
MERGED from com.android.support:appcompat-v7:23.0.1:22:5
MERGED from com.android.support:support-v4:23.4.0:22:5
MERGED from com.android.support:support-v4:23.4.0:22:5
MERGED from com.android.support:support-v4:23.4.0:22:5
MERGED from com.android.support:support-v4:23.4.0:22:5
MERGED from com.android.support:support-v4:23.4.0:22:5
MERGED from com.android.support:support-v4:23.4.0:22:5
MERGED from com.android.support:support-v4:23.4.0:22:5
MERGED from com.facebook.soloader:soloader:0.1.0:3:3
MERGED from org.webkit:android-jsc:r174650:2:3
MERGED from com.facebook.react:react-native:0.41.2:13:5
MERGED from com.android.support:appcompat-v7:23.0.1:22:5
MERGED from com.android.support:support-v4:23.4.0:22:5
MERGED from com.android.support:support-v4:23.4.0:22:5
MERGED from com.android.support:support-v4:23.4.0:22:5
MERGED from com.android.support:support-v4:23.4.0:22:5
MERGED from com.android.support:support-v4:23.4.0:22:5
MERGED from com.android.support:support-v4:23.4.0:22:5
MERGED from com.android.support:support-v4:23.4.0:22:5
MERGED from com.facebook.soloader:soloader:0.1.0:3:3
MERGED from org.webkit:android-jsc:r174650:2:3
	android:label
		ADDED from AndroidManifest.xml:19:7
	android:allowBackup
		ADDED from AndroidManifest.xml:18:7
	android:icon
		ADDED from AndroidManifest.xml:20:7
	android:theme
		ADDED from AndroidManifest.xml:21:7
	android:name
		ADDED from AndroidManifest.xml:17:7
activity#com.loactionapp1.MainActivity
ADDED from AndroidManifest.xml:22:7
	android:label
		ADDED from AndroidManifest.xml:24:9
	android:configChanges
		ADDED from AndroidManifest.xml:25:9
	android:name
		ADDED from AndroidManifest.xml:23:9
intent-filter#android.intent.action.MAIN+android.intent.category.LAUNCHER
ADDED from AndroidManifest.xml:26:9
action#android.intent.action.MAIN
ADDED from AndroidManifest.xml:27:13
	android:name
		ADDED from AndroidManifest.xml:27:21
category#android.intent.category.LAUNCHER
ADDED from AndroidManifest.xml:28:13
	android:name
		ADDED from AndroidManifest.xml:28:23
activity#com.facebook.react.devsupport.DevSettingsActivity
ADDED from AndroidManifest.xml:31:7
	android:name
		ADDED from AndroidManifest.xml:31:17
android:uses-permission#android.permission.WRITE_EXTERNAL_STORAGE
IMPLIED from AndroidManifest.xml:1:1 reason: org.webkit.android_jsc has a targetSdkVersion < 4
MERGED from LoactionApp1:react-native-camera:unspecified:15:5
android:uses-permission#android.permission.READ_PHONE_STATE
IMPLIED from AndroidManifest.xml:1:1 reason: org.webkit.android_jsc has a targetSdkVersion < 4
android:uses-permission#android.permission.READ_EXTERNAL_STORAGE
IMPLIED from AndroidManifest.xml:1:1 reason: org.webkit.android_jsc requested WRITE_EXTERNAL_STORAGE
MERGED from LoactionApp1:react-native-camera:unspecified:14:5
uses-permission#android.permission.RECORD_AUDIO
ADDED from LoactionApp1:react-native-camera:unspecified:12:5
	android:name
		ADDED from LoactionApp1:react-native-camera:unspecified:12:22
uses-permission#android.permission.RECORD_VIDEO
ADDED from LoactionApp1:react-native-camera:unspecified:13:5
	android:name
		ADDED from LoactionApp1:react-native-camera:unspecified:13:22
uses-feature#android.hardware.camera.autofocus
ADDED from LoactionApp1:react-native-camera:unspecified:20:5
	android:required
		ADDED from LoactionApp1:react-native-camera:unspecified:22:9
	android:name
		ADDED from LoactionApp1:react-native-camera:unspecified:21:9